Logfile initialized
[INFO] logfile = C:\Users\rish\My Documents\Techday7\JSS Demo\build.log
[DEBUG] C:\Users\rish\AppData\Roaming\Titanium\mobilesdk\win32\2.0.2.GA\android\builder.py simulator JSS Demo E:\Android_Related\android-sdk-windows C:\Users\rish\My Documents\Techday7\JSS Demo com.techday7.jssdemo 13 HVGA
[INFO] Building JSS Demo for Android ... one moment
[INFO] Titanium SDK version: 2.0.2 (05/30/12 10:21 2ff31a3)
[DEBUG] Waiting for device to be ready ...
[TRACE] adb devices returned 1 devices/emulators
[DEBUG] Device connected... (waited 0 seconds)
[DEBUG] waited 0.019000 seconds on emulator to get ready
[DEBUG] com.techday7.jssdemo installed? True
[INFO] Fastdev server running, deploying in Fastdev mode
[INFO] Copying CommonJS modules...
[INFO] Copying project resources..
[TRACE] COPYING MODIFIED FILE: C:\Users\rish\My Documents\Techday7\JSS Demo\Resources\app.jss => C:\Users\rish\My Documents\Techday7\JSS Demo\build\android\bin\assets\Resources\app.jss
[INFO] Tiapp.xml unchanged, skipping class generation
[DEBUG] Processing Android resource drawables
[DEBUG] app stylesheet => C:\Users\rish\My Documents\Techday7\JSS Demo\build\android\gen\com\techday7\jssdemo\ApplicationStylesheet.java
[DEBUG] adding C:\Users\rish\My Documents\Techday7\JSS Demo\build\android\gen\com\techday7\jssdemo\ApplicationStylesheet.java to javac build list
[DEBUG] Building Java Sources: "C:\\Users\\rish\\My Documents\\Techday7\\JSS Demo\\build\\android\\gen\\com\\techday7\\jssdemo\\ApplicationStylesheet.java"
[INFO] Waiting for SDCard to become available..
[INFO] Compiling Android Resources... This could take some time
[DEBUG] Android classes.dex built
[DEBUG] creating unsigned apk: C:\Users\rish\My Documents\Techday7\JSS Demo\build\android\bin\app-unsigned.apk
[DEBUG] from resource zip => assets/Resources/KS_nav_ui.png
[DEBUG] from resource zip => assets/Resources/KS_nav_views.png
[DEBUG] from resource zip => assets/Resources/app.js
[DEBUG] from resource zip => assets/Resources/app.jss
[DEBUG] from resource zip => assets/Resources/appicon.png
[DEBUG] from resource zip => assets/Resources/default.png
[DEBUG] from resource zip => assets/app.json
[DEBUG] from resource zip => assets/index.json
[DEBUG] from resource zip => assets/tiapp.xml
[DEBUG] from resource zip => res/drawable/appicon.png
[DEBUG] from resource zip => res/drawable/background.png
[DEBUG] from resource zip => res/drawable/close.png
[DEBUG] from resource zip => res/drawable/facebook_login.png
[DEBUG] from resource zip => res/drawable/facebook_login_down.png
[DEBUG] from resource zip => res/drawable/facebook_login_wide.png
[DEBUG] from resource zip => res/drawable/facebook_login_wide_down.png
[DEBUG] from resource zip => res/drawable/facebook_logout.png
[DEBUG] from resource zip => res/drawable/facebook_logout_down.png
[DEBUG] from resource zip => res/layout/titanium_tabgroup.xml
[DEBUG] from resource zip => AndroidManifest.xml
[DEBUG] from resource zip => resources.arsc
[DEBUG] from resource zip => res/drawable-hdpi/close.png
[DEBUG] from resource zip => res/drawable-ldpi/close.png
[DEBUG] from JAR C:\Users\rish\AppData\Roaming\Titanium\mobilesdk\win32\2.0.2.GA\android\titanium.jar => org/appcelerator/titanium/build.properties
[DEBUG] from JAR C:\Users\rish\AppData\Roaming\Titanium\mobilesdk\win32\2.0.2.GA\android\titanium.jar => org/appcelerator/titanium/res/drawable/background.png
[DEBUG] from JAR C:\Users\rish\AppData\Roaming\Titanium\mobilesdk\win32\2.0.2.GA\android\titanium.jar => org/appcelerator/titanium/res/drawable/btn_check_buttonless_on.png
[DEBUG] from JAR C:\Users\rish\AppData\Roaming\Titanium\mobilesdk\win32\2.0.2.GA\android\titanium.jar => org/appcelerator/titanium/res/drawable/btn_check_buttonless_on_18.png
[DEBUG] from JAR C:\Users\rish\AppData\Roaming\Titanium\mobilesdk\win32\2.0.2.GA\android\titanium.jar => org/appcelerator/titanium/res/drawable/btn_check_buttonless_on_48.png
[DEBUG] from JAR C:\Users\rish\AppData\Roaming\Titanium\mobilesdk\win32\2.0.2.GA\android\titanium.jar => org/appcelerator/titanium/res/drawable/btn_more.png
[DEBUG] from JAR C:\Users\rish\AppData\Roaming\Titanium\mobilesdk\win32\2.0.2.GA\android\titanium.jar => org/appcelerator/titanium/res/drawable/btn_more_18.png
[DEBUG] from JAR C:\Users\rish\AppData\Roaming\Titanium\mobilesdk\win32\2.0.2.GA\android\titanium.jar => org/appcelerator/titanium/res/drawable/btn_more_48.png
[DEBUG] from JAR C:\Users\rish\AppData\Roaming\Titanium\mobilesdk\win32\2.0.2.GA\android\titanium.jar => org/appcelerator/titanium/res/drawable/btn_picker_normal.9.png
[DEBUG] from JAR C:\Users\rish\AppData\Roaming\Titanium\mobilesdk\win32\2.0.2.GA\android\titanium.jar => org/appcelerator/titanium/res/drawable/btn_picker_pressed.9.png
[DEBUG] from JAR C:\Users\rish\AppData\Roaming\Titanium\mobilesdk\win32\2.0.2.GA\android\titanium.jar => org/appcelerator/titanium/res/drawable/btn_picker_selected.9.png
[DEBUG] from JAR C:\Users\rish\AppData\Roaming\Titanium\mobilesdk\win32\2.0.2.GA\android\titanium.jar => org/appcelerator/titanium/res/drawable/default_icon.png
[DEBUG] from JAR C:\Users\rish\AppData\Roaming\Titanium\mobilesdk\win32\2.0.2.GA\android\titanium.jar => org/appcelerator/titanium/res/drawable/photoDefault.png
[DEBUG] from JAR C:\Users\rish\AppData\Roaming\Titanium\mobilesdk\win32\2.0.2.GA\android\modules\titanium-ui.jar => ti/modules/titanium/ui/widget/webview/binding.js
[DEBUG] from JAR C:\Users\rish\AppData\Roaming\Titanium\mobilesdk\win32\2.0.2.GA\android\modules\titanium-ui.jar => ti/modules/titanium/ui/widget/webview/binding.min.js
[DEBUG] from JAR C:\Users\rish\AppData\Roaming\Titanium\mobilesdk\win32\2.0.2.GA\android\modules\titanium-ui.jar => ti/modules/titanium/ui/widget/webview/json2.js
[DEBUG] from JAR C:\Users\rish\AppData\Roaming\Titanium\mobilesdk\win32\2.0.2.GA\android\modules\titanium-facebook.jar => ti/modules/titanium/facebook/LICENSE
[DEBUG] from JAR C:\Users\rish\AppData\Roaming\Titanium\mobilesdk\win32\2.0.2.GA\android\thirdparty.jar => org/apache/Commons-NOTICE.txt
[DEBUG] from JAR C:\Users\rish\AppData\Roaming\Titanium\mobilesdk\win32\2.0.2.GA\android\thirdparty.jar => org/apache/HttpComponents-NOTICE.txt
[DEBUG] from JAR C:\Users\rish\AppData\Roaming\Titanium\mobilesdk\win32\2.0.2.GA\android\thirdparty.jar => org/apache/mime4j-NOTICE.txt
[DEBUG] installing native SDK libs
[DEBUG] Waiting for device to be ready ...
[TRACE] adb devices returned 1 devices/emulators
[DEBUG] Device connected... (waited 0 seconds)
[DEBUG] waited 0.022000 seconds on emulator to get ready
[INFO] Installing application on emulator
[INFO] Launching application ... JSS Demo
[TRACE] Launch output: Starting: Intent { act=android.intent.action.MAIN cat=[android.intent.category.LAUNCHER] cmp=com.techday7.jssdemo/.JssDemoActivity }

[INFO] Deployed JSS Demo ... Application should be running.
