Logfile initialized
[INFO] logfile = C:\Users\rish\My Documents\Techday7\Hello World - Backup\build.log
[DEBUG] C:\Users\rish\AppData\Roaming\Titanium\mobilesdk\win32\2.0.2.GA\android\builder.py simulator Hello World E:\Android_Related\android-sdk-windows C:\Users\rish\My Documents\Techday7\Hello World - Backup com.techday7.helloworld 13 WVGA854
[INFO] Building Hello World for Android ... one moment
[INFO] Titanium SDK version: 2.0.2 (05/30/12 10:21 2ff31a3)
[DEBUG] Waiting for device to be ready ...
[TRACE] adb devices returned 1 devices/emulators
[TRACE] adb devices returned 1 devices/emulators
[DEBUG] Device connected... (waited 5 seconds)
[DEBUG] waited 5.045000 seconds on emulator to get ready
[INFO] Waiting for the Android Emulator to become available
[ERROR] Timed out waiting for android.process.acore
[DEBUG] com.techday7.helloworld installed? False
[INFO] Fastdev server running, deploying in Fastdev mode
[INFO] Copying CommonJS modules...
[INFO] Copying project resources..
[INFO] Detected change in tiapp.xml, or assets deleted. Forcing full re-build...
[TRACE] COPYING CREATED FILE: C:\Users\rish\My Documents\Techday7\Hello World - Backup\Resources\android\appicon.png => C:\Users\rish\My Documents\Techday7\Hello World - Backup\build\android\bin\assets\Resources\appicon.png
[TRACE] COPYING CREATED FILE: C:\Users\rish\My Documents\Techday7\Hello World - Backup\Resources\android\default.png => C:\Users\rish\My Documents\Techday7\Hello World - Backup\build\android\bin\assets\Resources\default.png
[TRACE] COPYING CREATED FILE: C:\Users\rish\My Documents\Techday7\Hello World - Backup\Resources\app.js => C:\Users\rish\My Documents\Techday7\Hello World - Backup\build\android\bin\assets\Resources\app.js
[TRACE] COPYING CREATED FILE: C:\Users\rish\My Documents\Techday7\Hello World - Backup\Resources\app.jss => C:\Users\rish\My Documents\Techday7\Hello World - Backup\build\android\bin\assets\Resources\app.jss
[TRACE] COPYING CREATED FILE: C:\Users\rish\My Documents\Techday7\Hello World - Backup\Resources\helper.js => C:\Users\rish\My Documents\Techday7\Hello World - Backup\build\android\bin\assets\Resources\helper.js
[TRACE] COPYING CREATED FILE: C:\Users\rish\My Documents\Techday7\Hello World - Backup\Resources\helper2.js => C:\Users\rish\My Documents\Techday7\Hello World - Backup\build\android\bin\assets\Resources\helper2.js
[TRACE] COPYING CREATED FILE: C:\Users\rish\My Documents\Techday7\Hello World - Backup\Resources\KS_nav_ui.png => C:\Users\rish\My Documents\Techday7\Hello World - Backup\build\android\bin\assets\Resources\KS_nav_ui.png
[TRACE] COPYING CREATED FILE: C:\Users\rish\My Documents\Techday7\Hello World - Backup\Resources\KS_nav_views.png => C:\Users\rish\My Documents\Techday7\Hello World - Backup\build\android\bin\assets\Resources\KS_nav_views.png
[TRACE] COPYING CREATED FILE: C:\Users\rish\My Documents\Techday7\Hello World - Backup\Resources\test.js => C:\Users\rish\My Documents\Techday7\Hello World - Backup\build\android\bin\assets\Resources\test.js
[TRACE] Generating Java Classes
[DEBUG] Processing Android resource drawables
[TRACE] COPYING FILE: C:\Users\rish\My Documents\Techday7\Hello World - Backup\Resources\android\images\res-long-land-hdpi\default.png => C:\Users\rish\My Documents\Techday7\Hello World - Backup\build\android\res\drawable-long-land-hdpi\default_d44e27d97b.png
[TRACE] COPYING FILE: C:\Users\rish\My Documents\Techday7\Hello World - Backup\Resources\android\images\res-long-land-ldpi\default.png => C:\Users\rish\My Documents\Techday7\Hello World - Backup\build\android\res\drawable-long-land-ldpi\default_d44e27d97b.png
[TRACE] COPYING FILE: C:\Users\rish\My Documents\Techday7\Hello World - Backup\Resources\android\images\res-long-port-hdpi\default.png => C:\Users\rish\My Documents\Techday7\Hello World - Backup\build\android\res\drawable-long-port-hdpi\default_d44e27d97b.png
[TRACE] COPYING FILE: C:\Users\rish\My Documents\Techday7\Hello World - Backup\Resources\android\images\res-long-port-ldpi\default.png => C:\Users\rish\My Documents\Techday7\Hello World - Backup\build\android\res\drawable-long-port-ldpi\default_d44e27d97b.png
[TRACE] COPYING FILE: C:\Users\rish\My Documents\Techday7\Hello World - Backup\Resources\android\images\res-notlong-land-hdpi\default.png => C:\Users\rish\My Documents\Techday7\Hello World - Backup\build\android\res\drawable-notlong-land-hdpi\default_d44e27d97b.png
[TRACE] COPYING FILE: C:\Users\rish\My Documents\Techday7\Hello World - Backup\Resources\android\images\res-notlong-land-ldpi\default.png => C:\Users\rish\My Documents\Techday7\Hello World - Backup\build\android\res\drawable-notlong-land-ldpi\default_d44e27d97b.png
[TRACE] COPYING FILE: C:\Users\rish\My Documents\Techday7\Hello World - Backup\Resources\android\images\res-notlong-land-mdpi\default.png => C:\Users\rish\My Documents\Techday7\Hello World - Backup\build\android\res\drawable-notlong-land-mdpi\default_d44e27d97b.png
[TRACE] COPYING FILE: C:\Users\rish\My Documents\Techday7\Hello World - Backup\Resources\android\images\res-notlong-port-hdpi\default.png => C:\Users\rish\My Documents\Techday7\Hello World - Backup\build\android\res\drawable-notlong-port-hdpi\default_d44e27d97b.png
[TRACE] COPYING FILE: C:\Users\rish\My Documents\Techday7\Hello World - Backup\Resources\android\images\res-notlong-port-ldpi\default.png => C:\Users\rish\My Documents\Techday7\Hello World - Backup\build\android\res\drawable-notlong-port-ldpi\default_d44e27d97b.png
[TRACE] COPYING FILE: C:\Users\rish\My Documents\Techday7\Hello World - Backup\Resources\android\images\res-notlong-port-mdpi\default.png => C:\Users\rish\My Documents\Techday7\Hello World - Backup\build\android\res\drawable-notlong-port-mdpi\default_d44e27d97b.png
[DEBUG] app stylesheet => C:\Users\rish\My Documents\Techday7\Hello World - Backup\build\android\gen\com\techday7\helloworld\ApplicationStylesheet.java
[DEBUG] copying app icon: C:\Users\rish\My Documents\Techday7\Hello World - Backup\build\android\bin\assets\Resources\appicon.png
[DEBUG] generating theme.xml
[DEBUG] found drawable-long-land-hdpi splash screen at C:\Users\rish\My Documents\Techday7\Hello World - Backup\Resources\android\images\res-long-land-hdpi\default.png
[DEBUG] copying C:\Users\rish\My Documents\Techday7\Hello World - Backup\Resources\android\images\res-long-land-hdpi\default.png splash screen to C:\Users\rish\My Documents\Techday7\Hello World - Backup\build\android\res\drawable-long-land-hdpi\background.png
[DEBUG] found drawable-long-land-ldpi splash screen at C:\Users\rish\My Documents\Techday7\Hello World - Backup\Resources\android\images\res-long-land-ldpi\default.png
[DEBUG] copying C:\Users\rish\My Documents\Techday7\Hello World - Backup\Resources\android\images\res-long-land-ldpi\default.png splash screen to C:\Users\rish\My Documents\Techday7\Hello World - Backup\build\android\res\drawable-long-land-ldpi\background.png
[DEBUG] found drawable-long-port-hdpi splash screen at C:\Users\rish\My Documents\Techday7\Hello World - Backup\Resources\android\images\res-long-port-hdpi\default.png
[DEBUG] copying C:\Users\rish\My Documents\Techday7\Hello World - Backup\Resources\android\images\res-long-port-hdpi\default.png splash screen to C:\Users\rish\My Documents\Techday7\Hello World - Backup\build\android\res\drawable-long-port-hdpi\background.png
[DEBUG] found drawable-long-port-ldpi splash screen at C:\Users\rish\My Documents\Techday7\Hello World - Backup\Resources\android\images\res-long-port-ldpi\default.png
[DEBUG] copying C:\Users\rish\My Documents\Techday7\Hello World - Backup\Resources\android\images\res-long-port-ldpi\default.png splash screen to C:\Users\rish\My Documents\Techday7\Hello World - Backup\build\android\res\drawable-long-port-ldpi\background.png
[DEBUG] found drawable-notlong-land-hdpi splash screen at C:\Users\rish\My Documents\Techday7\Hello World - Backup\Resources\android\images\res-notlong-land-hdpi\default.png
[DEBUG] copying C:\Users\rish\My Documents\Techday7\Hello World - Backup\Resources\android\images\res-notlong-land-hdpi\default.png splash screen to C:\Users\rish\My Documents\Techday7\Hello World - Backup\build\android\res\drawable-notlong-land-hdpi\background.png
[DEBUG] found drawable-notlong-land-ldpi splash screen at C:\Users\rish\My Documents\Techday7\Hello World - Backup\Resources\android\images\res-notlong-land-ldpi\default.png
[DEBUG] copying C:\Users\rish\My Documents\Techday7\Hello World - Backup\Resources\android\images\res-notlong-land-ldpi\default.png splash screen to C:\Users\rish\My Documents\Techday7\Hello World - Backup\build\android\res\drawable-notlong-land-ldpi\background.png
[DEBUG] found drawable-notlong-land-mdpi splash screen at C:\Users\rish\My Documents\Techday7\Hello World - Backup\Resources\android\images\res-notlong-land-mdpi\default.png
[DEBUG] copying C:\Users\rish\My Documents\Techday7\Hello World - Backup\Resources\android\images\res-notlong-land-mdpi\default.png splash screen to C:\Users\rish\My Documents\Techday7\Hello World - Backup\build\android\res\drawable-notlong-land-mdpi\background.png
[DEBUG] found drawable-notlong-port-hdpi splash screen at C:\Users\rish\My Documents\Techday7\Hello World - Backup\Resources\android\images\res-notlong-port-hdpi\default.png
[DEBUG] copying C:\Users\rish\My Documents\Techday7\Hello World - Backup\Resources\android\images\res-notlong-port-hdpi\default.png splash screen to C:\Users\rish\My Documents\Techday7\Hello World - Backup\build\android\res\drawable-notlong-port-hdpi\background.png
[DEBUG] found drawable-notlong-port-ldpi splash screen at C:\Users\rish\My Documents\Techday7\Hello World - Backup\Resources\android\images\res-notlong-port-ldpi\default.png
[DEBUG] copying C:\Users\rish\My Documents\Techday7\Hello World - Backup\Resources\android\images\res-notlong-port-ldpi\default.png splash screen to C:\Users\rish\My Documents\Techday7\Hello World - Backup\build\android\res\drawable-notlong-port-ldpi\background.png
[DEBUG] found drawable-notlong-port-mdpi splash screen at C:\Users\rish\My Documents\Techday7\Hello World - Backup\Resources\android\images\res-notlong-port-mdpi\default.png
[DEBUG] copying C:\Users\rish\My Documents\Techday7\Hello World - Backup\Resources\android\images\res-notlong-port-mdpi\default.png splash screen to C:\Users\rish\My Documents\Techday7\Hello World - Backup\build\android\res\drawable-notlong-port-mdpi\background.png
[DEBUG] found splash screen at C:\Users\rish\My Documents\Techday7\Hello World - Backup\build\android\bin\assets\Resources\default.png
[TRACE] Writing out AndroidManifest.xml
[DEBUG] adding C:\Users\rish\My Documents\Techday7\Hello World - Backup\build\android\gen\com\techday7\helloworld\ApplicationStylesheet.java to javac build list
[DEBUG] adding C:\Users\rish\My Documents\Techday7\Hello World - Backup\build\android\gen\com\techday7\helloworld\HelloWorldActivity.java to javac build list
[DEBUG] adding C:\Users\rish\My Documents\Techday7\Hello World - Backup\build\android\gen\com\techday7\helloworld\HelloWorldAppInfo.java to javac build list
[DEBUG] adding C:\Users\rish\My Documents\Techday7\Hello World - Backup\build\android\gen\com\techday7\helloworld\HelloWorldApplication.java to javac build list
[DEBUG] adding C:\Users\rish\My Documents\Techday7\Hello World - Backup\build\android\gen\com\techday7\helloworld\R.java to javac build list
[DEBUG] Building Java Sources: "C:\\Users\\rish\\My Documents\\Techday7\\Hello World - Backup\\build\\android\\gen\\com\\techday7\\helloworld\\ApplicationStylesheet.java" "C:\\Users\\rish\\My Documents\\Techday7\\Hello World - Backup\\build\\android\\gen\\com\\techday7\\helloworld\\HelloWorldActivity.java" "C:\\Users\\rish\\My Documents\\Techday7\\Hello World - Backup\\build\\android\\gen\\com\\techday7\\helloworld\\HelloWorldAppInfo.java" "C:\\Users\\rish\\My Documents\\Techday7\\Hello World - Backup\\build\\android\\gen\\com\\techday7\\helloworld\\HelloWorldApplication.java" "C:\\Users\\rish\\My Documents\\Techday7\\Hello World - Backup\\build\\android\\gen\\com\\techday7\\helloworld\\R.java"
[INFO] Waiting for SDCard to become available..
[ERROR] Timed out waiting for SDCard to become available (60s)
[INFO] Compiling Android Resources... This could take some time
[DEBUG] Android classes.dex built
[DEBUG] creating unsigned apk: C:\Users\rish\My Documents\Techday7\Hello World - Backup\build\android\bin\app-unsigned.apk
[DEBUG] from resource zip => assets/Resources/KS_nav_ui.png
[DEBUG] from resource zip => assets/Resources/KS_nav_views.png
[DEBUG] from resource zip => assets/Resources/app.js
[DEBUG] from resource zip => assets/Resources/app.jss
[DEBUG] from resource zip => assets/Resources/appicon.png
[DEBUG] from resource zip => assets/Resources/default.png
[DEBUG] from resource zip => assets/Resources/helper.js
[DEBUG] from resource zip => assets/Resources/helper2.js
[DEBUG] from resource zip => assets/Resources/test.js
[DEBUG] from resource zip => assets/app.json
[DEBUG] from resource zip => assets/index.json
[DEBUG] from resource zip => assets/tiapp.xml
[DEBUG] from resource zip => res/drawable/appicon.png
[DEBUG] from resource zip => res/drawable/background.png
[DEBUG] from resource zip => res/drawable/close.png
[DEBUG] from resource zip => res/drawable/facebook_login.png
[DEBUG] from resource zip => res/drawable/facebook_login_down.png
[DEBUG] from resource zip => res/drawable/facebook_login_wide.png
[DEBUG] from resource zip => res/drawable/facebook_login_wide_down.png
[DEBUG] from resource zip => res/drawable/facebook_logout.png
[DEBUG] from resource zip => res/drawable/facebook_logout_down.png
[DEBUG] from resource zip => res/layout/titanium_tabgroup.xml
[DEBUG] from resource zip => AndroidManifest.xml
[DEBUG] from resource zip => resources.arsc
[DEBUG] from resource zip => res/drawable-hdpi/close.png
[DEBUG] from resource zip => res/drawable-ldpi/close.png
[DEBUG] from resource zip => res/drawable-long-land-hdpi/background.png
[DEBUG] from resource zip => res/drawable-long-land-hdpi/default_d44e27d97b.png
[DEBUG] from resource zip => res/drawable-long-land-ldpi/background.png
[DEBUG] from resource zip => res/drawable-long-land-ldpi/default_d44e27d97b.png
[DEBUG] from resource zip => res/drawable-long-port-hdpi/background.png
[DEBUG] from resource zip => res/drawable-long-port-hdpi/default_d44e27d97b.png
[DEBUG] from resource zip => res/drawable-long-port-ldpi/background.png
[DEBUG] from resource zip => res/drawable-long-port-ldpi/default_d44e27d97b.png
[DEBUG] from resource zip => res/drawable-notlong-land-hdpi/background.png
[DEBUG] from resource zip => res/drawable-notlong-land-hdpi/default_d44e27d97b.png
[DEBUG] from resource zip => res/drawable-notlong-land-ldpi/background.png
[DEBUG] from resource zip => res/drawable-notlong-land-ldpi/default_d44e27d97b.png
[DEBUG] from resource zip => res/drawable-notlong-land-mdpi/background.png
[DEBUG] from resource zip => res/drawable-notlong-land-mdpi/default_d44e27d97b.png
[DEBUG] from resource zip => res/drawable-notlong-port-hdpi/background.png
[DEBUG] from resource zip => res/drawable-notlong-port-hdpi/default_d44e27d97b.png
[DEBUG] from resource zip => res/drawable-notlong-port-ldpi/background.png
[DEBUG] from resource zip => res/drawable-notlong-port-ldpi/default_d44e27d97b.png
[DEBUG] from resource zip => res/drawable-notlong-port-mdpi/background.png
[DEBUG] from resource zip => res/drawable-notlong-port-mdpi/default_d44e27d97b.png
[DEBUG] from JAR C:\Users\rish\AppData\Roaming\Titanium\mobilesdk\win32\2.0.2.GA\android\titanium.jar => org/appcelerator/titanium/build.properties
[DEBUG] from JAR C:\Users\rish\AppData\Roaming\Titanium\mobilesdk\win32\2.0.2.GA\android\titanium.jar => org/appcelerator/titanium/res/drawable/background.png
[DEBUG] from JAR C:\Users\rish\AppData\Roaming\Titanium\mobilesdk\win32\2.0.2.GA\android\titanium.jar => org/appcelerator/titanium/res/drawable/btn_check_buttonless_on.png
[DEBUG] from JAR C:\Users\rish\AppData\Roaming\Titanium\mobilesdk\win32\2.0.2.GA\android\titanium.jar => org/appcelerator/titanium/res/drawable/btn_check_buttonless_on_18.png
[DEBUG] from JAR C:\Users\rish\AppData\Roaming\Titanium\mobilesdk\win32\2.0.2.GA\android\titanium.jar => org/appcelerator/titanium/res/drawable/btn_check_buttonless_on_48.png
[DEBUG] from JAR C:\Users\rish\AppData\Roaming\Titanium\mobilesdk\win32\2.0.2.GA\android\titanium.jar => org/appcelerator/titanium/res/drawable/btn_more.png
[DEBUG] from JAR C:\Users\rish\AppData\Roaming\Titanium\mobilesdk\win32\2.0.2.GA\android\titanium.jar => org/appcelerator/titanium/res/drawable/btn_more_18.png
[DEBUG] from JAR C:\Users\rish\AppData\Roaming\Titanium\mobilesdk\win32\2.0.2.GA\android\titanium.jar => org/appcelerator/titanium/res/drawable/btn_more_48.png
[DEBUG] from JAR C:\Users\rish\AppData\Roaming\Titanium\mobilesdk\win32\2.0.2.GA\android\titanium.jar => org/appcelerator/titanium/res/drawable/btn_picker_normal.9.png
[DEBUG] from JAR C:\Users\rish\AppData\Roaming\Titanium\mobilesdk\win32\2.0.2.GA\android\titanium.jar => org/appcelerator/titanium/res/drawable/btn_picker_pressed.9.png
[DEBUG] from JAR C:\Users\rish\AppData\Roaming\Titanium\mobilesdk\win32\2.0.2.GA\android\titanium.jar => org/appcelerator/titanium/res/drawable/btn_picker_selected.9.png
[DEBUG] from JAR C:\Users\rish\AppData\Roaming\Titanium\mobilesdk\win32\2.0.2.GA\android\titanium.jar => org/appcelerator/titanium/res/drawable/default_icon.png
[DEBUG] from JAR C:\Users\rish\AppData\Roaming\Titanium\mobilesdk\win32\2.0.2.GA\android\titanium.jar => org/appcelerator/titanium/res/drawable/photoDefault.png
[DEBUG] from JAR C:\Users\rish\AppData\Roaming\Titanium\mobilesdk\win32\2.0.2.GA\android\modules\titanium-ui.jar => ti/modules/titanium/ui/widget/webview/binding.js
[DEBUG] from JAR C:\Users\rish\AppData\Roaming\Titanium\mobilesdk\win32\2.0.2.GA\android\modules\titanium-ui.jar => ti/modules/titanium/ui/widget/webview/binding.min.js
[DEBUG] from JAR C:\Users\rish\AppData\Roaming\Titanium\mobilesdk\win32\2.0.2.GA\android\modules\titanium-ui.jar => ti/modules/titanium/ui/widget/webview/json2.js
[DEBUG] from JAR C:\Users\rish\AppData\Roaming\Titanium\mobilesdk\win32\2.0.2.GA\android\modules\titanium-facebook.jar => ti/modules/titanium/facebook/LICENSE
[DEBUG] from JAR C:\Users\rish\AppData\Roaming\Titanium\mobilesdk\win32\2.0.2.GA\android\thirdparty.jar => org/apache/Commons-NOTICE.txt
[DEBUG] from JAR C:\Users\rish\AppData\Roaming\Titanium\mobilesdk\win32\2.0.2.GA\android\thirdparty.jar => org/apache/HttpComponents-NOTICE.txt
[DEBUG] from JAR C:\Users\rish\AppData\Roaming\Titanium\mobilesdk\win32\2.0.2.GA\android\thirdparty.jar => org/apache/mime4j-NOTICE.txt
[DEBUG] installing native SDK libs
[DEBUG] Waiting for device to be ready ...
[TRACE] adb devices returned 1 devices/emulators
[DEBUG] Device connected... (waited 0 seconds)
[DEBUG] waited 0.023000 seconds on emulator to get ready
[INFO] Installing application on emulator
[INFO] Launching application ... Hello World
[TRACE] Launch output: Starting: Intent { act=android.intent.action.MAIN cat=[android.intent.category.LAUNCHER] cmp=com.techday7.helloworld/.HelloWorldActivity }

[INFO] Deployed Hello World ... Application should be running.
