Logfile initialized
[INFO] logfile = C:\Users\rish\My Documents\Techday7\Hello world\build.log
[DEBUG] C:\Users\rish\AppData\Roaming\Titanium\mobilesdk\win32\2.0.2.GA\android\builder.py install Hello world E:\Android_Related\android-sdk-windows C:\Users\rish\My Documents\Techday7\Hello world com.techday7.helloworld 8
[INFO] Titanium SDK version: 2.0.2 (05/30/12 10:21 2ff31a3)
[DEBUG] Waiting for device to be ready ...
[TRACE] adb devices returned 1 devices/emulators
[DEBUG] Device connected... (waited 0 seconds)
[DEBUG] waited 0.024000 seconds on emulator to get ready
[DEBUG] com.techday7.helloworld installed? True
[INFO] Copying CommonJS modules...
[INFO] Copying project resources..
[TRACE] COPYING MODIFIED FILE: C:\Users\rish\My Documents\Techday7\Hello world\Resources\app.js => C:\Users\rish\My Documents\Techday7\Hello world\build\android\bin\assets\Resources\app.js
[TRACE] Generating Java Classes
[DEBUG] Processing Android resource drawables
[DEBUG] copying app icon: C:\Users\rish\My Documents\Techday7\Hello world\build\android\bin\assets\Resources\appicon.png
[DEBUG] generating theme.xml
[DEBUG] found drawable-long-land-hdpi splash screen at C:\Users\rish\My Documents\Techday7\Hello world\Resources\android\images\res-long-land-hdpi\default.png
[DEBUG] copying C:\Users\rish\My Documents\Techday7\Hello world\Resources\android\images\res-long-land-hdpi\default.png splash screen to C:\Users\rish\My Documents\Techday7\Hello world\build\android\res\drawable-long-land-hdpi\background.png
[DEBUG] found drawable-long-land-ldpi splash screen at C:\Users\rish\My Documents\Techday7\Hello world\Resources\android\images\res-long-land-ldpi\default.png
[DEBUG] copying C:\Users\rish\My Documents\Techday7\Hello world\Resources\android\images\res-long-land-ldpi\default.png splash screen to C:\Users\rish\My Documents\Techday7\Hello world\build\android\res\drawable-long-land-ldpi\background.png
[DEBUG] found drawable-long-port-hdpi splash screen at C:\Users\rish\My Documents\Techday7\Hello world\Resources\android\images\res-long-port-hdpi\default.png
[DEBUG] copying C:\Users\rish\My Documents\Techday7\Hello world\Resources\android\images\res-long-port-hdpi\default.png splash screen to C:\Users\rish\My Documents\Techday7\Hello world\build\android\res\drawable-long-port-hdpi\background.png
[DEBUG] found drawable-long-port-ldpi splash screen at C:\Users\rish\My Documents\Techday7\Hello world\Resources\android\images\res-long-port-ldpi\default.png
[DEBUG] copying C:\Users\rish\My Documents\Techday7\Hello world\Resources\android\images\res-long-port-ldpi\default.png splash screen to C:\Users\rish\My Documents\Techday7\Hello world\build\android\res\drawable-long-port-ldpi\background.png
[DEBUG] found drawable-notlong-land-hdpi splash screen at C:\Users\rish\My Documents\Techday7\Hello world\Resources\android\images\res-notlong-land-hdpi\default.png
[DEBUG] copying C:\Users\rish\My Documents\Techday7\Hello world\Resources\android\images\res-notlong-land-hdpi\default.png splash screen to C:\Users\rish\My Documents\Techday7\Hello world\build\android\res\drawable-notlong-land-hdpi\background.png
[DEBUG] found drawable-notlong-land-ldpi splash screen at C:\Users\rish\My Documents\Techday7\Hello world\Resources\android\images\res-notlong-land-ldpi\default.png
[DEBUG] copying C:\Users\rish\My Documents\Techday7\Hello world\Resources\android\images\res-notlong-land-ldpi\default.png splash screen to C:\Users\rish\My Documents\Techday7\Hello world\build\android\res\drawable-notlong-land-ldpi\background.png
[DEBUG] found drawable-notlong-land-mdpi splash screen at C:\Users\rish\My Documents\Techday7\Hello world\Resources\android\images\res-notlong-land-mdpi\default.png
[DEBUG] copying C:\Users\rish\My Documents\Techday7\Hello world\Resources\android\images\res-notlong-land-mdpi\default.png splash screen to C:\Users\rish\My Documents\Techday7\Hello world\build\android\res\drawable-notlong-land-mdpi\background.png
[DEBUG] found drawable-notlong-port-hdpi splash screen at C:\Users\rish\My Documents\Techday7\Hello world\Resources\android\images\res-notlong-port-hdpi\default.png
[DEBUG] copying C:\Users\rish\My Documents\Techday7\Hello world\Resources\android\images\res-notlong-port-hdpi\default.png splash screen to C:\Users\rish\My Documents\Techday7\Hello world\build\android\res\drawable-notlong-port-hdpi\background.png
[DEBUG] found drawable-notlong-port-ldpi splash screen at C:\Users\rish\My Documents\Techday7\Hello world\Resources\android\images\res-notlong-port-ldpi\default.png
[DEBUG] copying C:\Users\rish\My Documents\Techday7\Hello world\Resources\android\images\res-notlong-port-ldpi\default.png splash screen to C:\Users\rish\My Documents\Techday7\Hello world\build\android\res\drawable-notlong-port-ldpi\background.png
[DEBUG] found drawable-notlong-port-mdpi splash screen at C:\Users\rish\My Documents\Techday7\Hello world\Resources\android\images\res-notlong-port-mdpi\default.png
[DEBUG] copying C:\Users\rish\My Documents\Techday7\Hello world\Resources\android\images\res-notlong-port-mdpi\default.png splash screen to C:\Users\rish\My Documents\Techday7\Hello world\build\android\res\drawable-notlong-port-mdpi\background.png
[DEBUG] found splash screen at C:\Users\rish\My Documents\Techday7\Hello world\build\android\bin\assets\Resources\default.png
[TRACE] Writing out AndroidManifest.xml
[TRACE] adb devices returned 1 devices/emulators
[DEBUG] adding C:\Users\rish\My Documents\Techday7\Hello world\build\android\gen\com\techday7\helloworld\HelloWorldActivity.java to javac build list
[DEBUG] adding C:\Users\rish\My Documents\Techday7\Hello world\build\android\gen\com\techday7\helloworld\HelloWorldAppInfo.java to javac build list
[DEBUG] adding C:\Users\rish\My Documents\Techday7\Hello world\build\android\gen\com\techday7\helloworld\HelloWorldApplication.java to javac build list
[DEBUG] adding C:\Users\rish\My Documents\Techday7\Hello world\build\android\gen\com\techday7\helloworld\R.java to javac build list
[DEBUG] Building Java Sources: "C:\\Users\\rish\\My Documents\\Techday7\\Hello world\\build\\android\\gen\\com\\techday7\\helloworld\\HelloWorldActivity.java" "C:\\Users\\rish\\My Documents\\Techday7\\Hello world\\build\\android\\gen\\com\\techday7\\helloworld\\HelloWorldAppInfo.java" "C:\\Users\\rish\\My Documents\\Techday7\\Hello world\\build\\android\\gen\\com\\techday7\\helloworld\\HelloWorldApplication.java" "C:\\Users\\rish\\My Documents\\Techday7\\Hello world\\build\\android\\gen\\com\\techday7\\helloworld\\R.java"
[INFO] Compiling Android Resources... This could take some time
[TRACE] adb devices returned 1 devices/emulators
[DEBUG] Android classes.dex built
[TRACE] adb devices returned 1 devices/emulators
[DEBUG] creating unsigned apk: C:\Users\rish\My Documents\Techday7\Hello world\build\android\bin\app-unsigned.apk
[DEBUG] from resource zip => assets/Resources/KS_nav_ui.png
[DEBUG] from resource zip => assets/Resources/KS_nav_views.png
[DEBUG] from resource zip => assets/Resources/app.js
[DEBUG] from resource zip => assets/Resources/appicon.png
[DEBUG] from resource zip => assets/Resources/default.png
[DEBUG] from resource zip => assets/app.json
[DEBUG] from resource zip => assets/index.json
[DEBUG] from resource zip => assets/tiapp.xml
[DEBUG] from resource zip => res/drawable/appicon.png
[DEBUG] from resource zip => res/drawable/background.png
[DEBUG] from resource zip => res/layout/titanium_tabgroup.xml
[DEBUG] from resource zip => AndroidManifest.xml
[DEBUG] from resource zip => resources.arsc
[DEBUG] from resource zip => res/drawable-long-land-hdpi/background.png
[DEBUG] from resource zip => res/drawable-long-land-ldpi/background.png
[DEBUG] from resource zip => res/drawable-long-port-hdpi/background.png
[DEBUG] from resource zip => res/drawable-long-port-ldpi/background.png
[DEBUG] from resource zip => res/drawable-notlong-land-hdpi/background.png
[DEBUG] from resource zip => res/drawable-notlong-land-ldpi/background.png
[DEBUG] from resource zip => res/drawable-notlong-land-mdpi/background.png
[DEBUG] from resource zip => res/drawable-notlong-port-hdpi/background.png
[DEBUG] from resource zip => res/drawable-notlong-port-ldpi/background.png
[DEBUG] from resource zip => res/drawable-notlong-port-mdpi/background.png
[DEBUG] from JAR C:\Users\rish\AppData\Roaming\Titanium\mobilesdk\win32\2.0.2.GA\android\modules\titanium-ui.jar => ti/modules/titanium/ui/widget/webview/binding.js
[DEBUG] from JAR C:\Users\rish\AppData\Roaming\Titanium\mobilesdk\win32\2.0.2.GA\android\modules\titanium-ui.jar => ti/modules/titanium/ui/widget/webview/binding.min.js
[DEBUG] from JAR C:\Users\rish\AppData\Roaming\Titanium\mobilesdk\win32\2.0.2.GA\android\modules\titanium-ui.jar => ti/modules/titanium/ui/widget/webview/json2.js
[DEBUG] from JAR C:\Users\rish\AppData\Roaming\Titanium\mobilesdk\win32\2.0.2.GA\android\titanium.jar => org/appcelerator/titanium/build.properties
[DEBUG] from JAR C:\Users\rish\AppData\Roaming\Titanium\mobilesdk\win32\2.0.2.GA\android\titanium.jar => org/appcelerator/titanium/res/drawable/background.png
[DEBUG] from JAR C:\Users\rish\AppData\Roaming\Titanium\mobilesdk\win32\2.0.2.GA\android\titanium.jar => org/appcelerator/titanium/res/drawable/btn_check_buttonless_on.png
[DEBUG] from JAR C:\Users\rish\AppData\Roaming\Titanium\mobilesdk\win32\2.0.2.GA\android\titanium.jar => org/appcelerator/titanium/res/drawable/btn_check_buttonless_on_18.png
[DEBUG] from JAR C:\Users\rish\AppData\Roaming\Titanium\mobilesdk\win32\2.0.2.GA\android\titanium.jar => org/appcelerator/titanium/res/drawable/btn_check_buttonless_on_48.png
[DEBUG] from JAR C:\Users\rish\AppData\Roaming\Titanium\mobilesdk\win32\2.0.2.GA\android\titanium.jar => org/appcelerator/titanium/res/drawable/btn_more.png
[DEBUG] from JAR C:\Users\rish\AppData\Roaming\Titanium\mobilesdk\win32\2.0.2.GA\android\titanium.jar => org/appcelerator/titanium/res/drawable/btn_more_18.png
[DEBUG] from JAR C:\Users\rish\AppData\Roaming\Titanium\mobilesdk\win32\2.0.2.GA\android\titanium.jar => org/appcelerator/titanium/res/drawable/btn_more_48.png
[DEBUG] from JAR C:\Users\rish\AppData\Roaming\Titanium\mobilesdk\win32\2.0.2.GA\android\titanium.jar => org/appcelerator/titanium/res/drawable/btn_picker_normal.9.png
[DEBUG] from JAR C:\Users\rish\AppData\Roaming\Titanium\mobilesdk\win32\2.0.2.GA\android\titanium.jar => org/appcelerator/titanium/res/drawable/btn_picker_pressed.9.png
[DEBUG] from JAR C:\Users\rish\AppData\Roaming\Titanium\mobilesdk\win32\2.0.2.GA\android\titanium.jar => org/appcelerator/titanium/res/drawable/btn_picker_selected.9.png
[DEBUG] from JAR C:\Users\rish\AppData\Roaming\Titanium\mobilesdk\win32\2.0.2.GA\android\titanium.jar => org/appcelerator/titanium/res/drawable/default_icon.png
[DEBUG] from JAR C:\Users\rish\AppData\Roaming\Titanium\mobilesdk\win32\2.0.2.GA\android\titanium.jar => org/appcelerator/titanium/res/drawable/photoDefault.png
[DEBUG] installing native SDK libs
[TRACE] adb devices returned 1 devices/emulators
[DEBUG] Waiting for device to be ready ...
[TRACE] adb devices returned 1 devices/emulators
[DEBUG] Device connected... (waited 0 seconds)
[DEBUG] waited 0.025000 seconds on emulator to get ready
[INFO] Installing application on device
[TRACE] adb devices returned 1 devices/emulators
[INFO] Application installed. Launch from drawer on Home Screen
[TRACE] adb devices returned 1 devices/emulators
[TRACE] adb devices returned 1 devices/emulators
[TRACE] adb devices returned 1 devices/emulators
[TRACE] adb devices returned 1 devices/emulators
[TRACE] adb devices returned 1 devices/emulators
[TRACE] adb devices returned 1 devices/emulators
[TRACE] adb devices returned 1 devices/emulators
[TRACE] adb devices returned 1 devices/emulators
[TRACE] adb devices returned 1 devices/emulators
[TRACE] adb devices returned 1 devices/emulators
[TRACE] adb devices returned 1 devices/emulators
[TRACE] adb devices returned 1 devices/emulators
[TRACE] adb devices returned 1 devices/emulators
[ERROR] Timed out waiting for emulator to be ready, you may need to close the emulator and try again
[INFO] Installing application on emulator
