Logfile initialized
[INFO] logfile = C:\Users\rish\My Documents\Techday7\Locale\build.log
[DEBUG] C:\Users\rish\AppData\Roaming\Titanium\mobilesdk\win32\2.0.2.GA\android\builder.py install Locale E:\Android_Related\android-sdk-windows C:\Users\rish\My Documents\Techday7\Locale com.techday7.locale 8
[INFO] Titanium SDK version: 2.0.2 (05/30/12 10:21 2ff31a3)
[DEBUG] Waiting for device to be ready ...
[TRACE] adb devices returned 1 devices/emulators
[DEBUG] Device connected... (waited 0 seconds)
[DEBUG] waited 0.022000 seconds on emulator to get ready
[DEBUG] com.techday7.locale installed? False
[INFO] Copying CommonJS modules...
[INFO] Copying project resources..
[INFO] Detected change in tiapp.xml, or assets deleted. Forcing full re-build...
[TRACE] COPYING CREATED FILE: C:\Users\rish\My Documents\Techday7\Locale\Resources\android\appicon.png => C:\Users\rish\My Documents\Techday7\Locale\build\android\bin\assets\Resources\appicon.png
[TRACE] COPYING CREATED FILE: C:\Users\rish\My Documents\Techday7\Locale\Resources\android\default.png => C:\Users\rish\My Documents\Techday7\Locale\build\android\bin\assets\Resources\default.png
[TRACE] COPYING CREATED FILE: C:\Users\rish\My Documents\Techday7\Locale\Resources\app.js => C:\Users\rish\My Documents\Techday7\Locale\build\android\bin\assets\Resources\app.js
[TRACE] COPYING CREATED FILE: C:\Users\rish\My Documents\Techday7\Locale\Resources\images\es.png => C:\Users\rish\My Documents\Techday7\Locale\build\android\bin\assets\Resources\images\es.png
[TRACE] COPYING CREATED FILE: C:\Users\rish\My Documents\Techday7\Locale\Resources\images\us.png => C:\Users\rish\My Documents\Techday7\Locale\build\android\bin\assets\Resources\images\us.png
[TRACE] COPYING CREATED FILE: C:\Users\rish\My Documents\Techday7\Locale\Resources\KS_nav_ui.png => C:\Users\rish\My Documents\Techday7\Locale\build\android\bin\assets\Resources\KS_nav_ui.png
[TRACE] COPYING CREATED FILE: C:\Users\rish\My Documents\Techday7\Locale\Resources\KS_nav_views.png => C:\Users\rish\My Documents\Techday7\Locale\build\android\bin\assets\Resources\KS_nav_views.png
[TRACE] Generating Java Classes
[DEBUG] Processing Android resource drawables
[DEBUG] app stylesheet => C:\Users\rish\My Documents\Techday7\Locale\build\android\gen\com\techday7\locale\ApplicationStylesheet.java
[DEBUG] copying app icon: C:\Users\rish\My Documents\Techday7\Locale\build\android\bin\assets\Resources\appicon.png
[DEBUG] generating theme.xml
[DEBUG] found splash screen at C:\Users\rish\My Documents\Techday7\Locale\build\android\bin\assets\Resources\default.png
[TRACE] Writing out AndroidManifest.xml
[DEBUG] adding C:\Users\rish\My Documents\Techday7\Locale\build\android\gen\com\techday7\locale\ApplicationStylesheet.java to javac build list
[DEBUG] adding C:\Users\rish\My Documents\Techday7\Locale\build\android\gen\com\techday7\locale\LocaleActivity.java to javac build list
[DEBUG] adding C:\Users\rish\My Documents\Techday7\Locale\build\android\gen\com\techday7\locale\LocaleAppInfo.java to javac build list
[DEBUG] adding C:\Users\rish\My Documents\Techday7\Locale\build\android\gen\com\techday7\locale\LocaleApplication.java to javac build list
[DEBUG] adding C:\Users\rish\My Documents\Techday7\Locale\build\android\gen\com\techday7\locale\R.java to javac build list
[DEBUG] Building Java Sources: "C:\\Users\\rish\\My Documents\\Techday7\\Locale\\build\\android\\gen\\com\\techday7\\locale\\ApplicationStylesheet.java" "C:\\Users\\rish\\My Documents\\Techday7\\Locale\\build\\android\\gen\\com\\techday7\\locale\\LocaleActivity.java" "C:\\Users\\rish\\My Documents\\Techday7\\Locale\\build\\android\\gen\\com\\techday7\\locale\\LocaleAppInfo.java" "C:\\Users\\rish\\My Documents\\Techday7\\Locale\\build\\android\\gen\\com\\techday7\\locale\\LocaleApplication.java" "C:\\Users\\rish\\My Documents\\Techday7\\Locale\\build\\android\\gen\\com\\techday7\\locale\\R.java"
[INFO] Compiling Android Resources... This could take some time
[DEBUG] Android classes.dex built
[DEBUG] creating unsigned apk: C:\Users\rish\My Documents\Techday7\Locale\build\android\bin\app-unsigned.apk
[DEBUG] from resource zip => assets/Resources/images/es.png
[DEBUG] from resource zip => assets/Resources/images/us.png
[DEBUG] from resource zip => assets/Resources/KS_nav_ui.png
[DEBUG] from resource zip => assets/Resources/KS_nav_views.png
[DEBUG] from resource zip => assets/Resources/app.js
[DEBUG] from resource zip => assets/Resources/appicon.png
[DEBUG] from resource zip => assets/Resources/default.png
[DEBUG] from resource zip => assets/app.json
[DEBUG] from resource zip => assets/index.json
[DEBUG] from resource zip => assets/tiapp.xml
[DEBUG] from resource zip => res/drawable/appicon.png
[DEBUG] from resource zip => res/drawable/background.png
[DEBUG] from resource zip => res/layout/titanium_tabgroup.xml
[DEBUG] from resource zip => AndroidManifest.xml
[DEBUG] from resource zip => resources.arsc
[DEBUG] from JAR C:\Users\rish\AppData\Roaming\Titanium\mobilesdk\win32\2.0.2.GA\android\modules\titanium-ui.jar => ti/modules/titanium/ui/widget/webview/binding.js
[DEBUG] from JAR C:\Users\rish\AppData\Roaming\Titanium\mobilesdk\win32\2.0.2.GA\android\modules\titanium-ui.jar => ti/modules/titanium/ui/widget/webview/binding.min.js
[DEBUG] from JAR C:\Users\rish\AppData\Roaming\Titanium\mobilesdk\win32\2.0.2.GA\android\modules\titanium-ui.jar => ti/modules/titanium/ui/widget/webview/json2.js
[DEBUG] from JAR C:\Users\rish\AppData\Roaming\Titanium\mobilesdk\win32\2.0.2.GA\android\titanium.jar => org/appcelerator/titanium/build.properties
[DEBUG] from JAR C:\Users\rish\AppData\Roaming\Titanium\mobilesdk\win32\2.0.2.GA\android\titanium.jar => org/appcelerator/titanium/res/drawable/background.png
[DEBUG] from JAR C:\Users\rish\AppData\Roaming\Titanium\mobilesdk\win32\2.0.2.GA\android\titanium.jar => org/appcelerator/titanium/res/drawable/btn_check_buttonless_on.png
[DEBUG] from JAR C:\Users\rish\AppData\Roaming\Titanium\mobilesdk\win32\2.0.2.GA\android\titanium.jar => org/appcelerator/titanium/res/drawable/btn_check_buttonless_on_18.png
[DEBUG] from JAR C:\Users\rish\AppData\Roaming\Titanium\mobilesdk\win32\2.0.2.GA\android\titanium.jar => org/appcelerator/titanium/res/drawable/btn_check_buttonless_on_48.png
[DEBUG] from JAR C:\Users\rish\AppData\Roaming\Titanium\mobilesdk\win32\2.0.2.GA\android\titanium.jar => org/appcelerator/titanium/res/drawable/btn_more.png
[DEBUG] from JAR C:\Users\rish\AppData\Roaming\Titanium\mobilesdk\win32\2.0.2.GA\android\titanium.jar => org/appcelerator/titanium/res/drawable/btn_more_18.png
[DEBUG] from JAR C:\Users\rish\AppData\Roaming\Titanium\mobilesdk\win32\2.0.2.GA\android\titanium.jar => org/appcelerator/titanium/res/drawable/btn_more_48.png
[DEBUG] from JAR C:\Users\rish\AppData\Roaming\Titanium\mobilesdk\win32\2.0.2.GA\android\titanium.jar => org/appcelerator/titanium/res/drawable/btn_picker_normal.9.png
[DEBUG] from JAR C:\Users\rish\AppData\Roaming\Titanium\mobilesdk\win32\2.0.2.GA\android\titanium.jar => org/appcelerator/titanium/res/drawable/btn_picker_pressed.9.png
[DEBUG] from JAR C:\Users\rish\AppData\Roaming\Titanium\mobilesdk\win32\2.0.2.GA\android\titanium.jar => org/appcelerator/titanium/res/drawable/btn_picker_selected.9.png
[DEBUG] from JAR C:\Users\rish\AppData\Roaming\Titanium\mobilesdk\win32\2.0.2.GA\android\titanium.jar => org/appcelerator/titanium/res/drawable/default_icon.png
[DEBUG] from JAR C:\Users\rish\AppData\Roaming\Titanium\mobilesdk\win32\2.0.2.GA\android\titanium.jar => org/appcelerator/titanium/res/drawable/photoDefault.png
[DEBUG] installing native SDK libs
[DEBUG] Waiting for device to be ready ...
[TRACE] adb devices returned 1 devices/emulators
[DEBUG] Device connected... (waited 0 seconds)
[DEBUG] waited 0.025000 seconds on emulator to get ready
[INFO] Installing application on device
[INFO] Application installed. Launch from drawer on Home Screen
